<?xml version="1.0" encoding="UTF-8"?>
<!-- Generated by org.testng.reporters.JUnitXMLReporter -->
<testsuite ignored="1" hostname="LAPTOP-4F11CKJ5" failures="0" tests="1" name="Default test" time="6.1" errors="0" timestamp="14 Aug. 2020 14:52:23 GMT">
  <testcase classname="com.qa.libs.BaseClass" name="clickCounterTest" time="2.227"/>
  <testcase classname="com.qa.libs.BaseClass" name="shortURLTest" time="0.0">
    <ignored/>
  </testcase> <!-- shortURLTest -->
</testsuite> <!-- Default test -->
