<?xml version="1.0" encoding="UTF-8"?>
<testng-results ignored="1" total="2" passed="1" failed="0" skipped="0">
  <reporter-output>
  </reporter-output>
  <suite started-at="2020-08-14T14:52:16Z" name="Default suite" finished-at="2020-08-14T14:52:23Z" duration-ms="6100">
    <groups>
    </groups>
    <test started-at="2020-08-14T14:52:16Z" name="Default test" finished-at="2020-08-14T14:52:23Z" duration-ms="6100">
      <class name="com.qa.libs.BaseClass">
        <test-method is-config="true" signature="setUp()[pri:0, instance:com.qa.libs.BaseClass@402e37bc]" started-at="2020-08-14T14:52:16Z" name="setUp" finished-at="2020-08-14T14:52:20Z" duration-ms="3731" status="PASS">
          <reporter-output>
          </reporter-output>
        </test-method> <!-- setUp -->
        <test-method signature="clickCounterTest()[pri:0, instance:com.qa.libs.BaseClass@402e37bc]" started-at="2020-08-14T14:52:20Z" name="clickCounterTest" finished-at="2020-08-14T14:52:22Z" duration-ms="2227" status="PASS">
          <reporter-output>
          </reporter-output>
        </test-method> <!-- clickCounterTest -->
        <test-method is-config="true" signature="tearDown()[pri:0, instance:com.qa.libs.BaseClass@402e37bc]" started-at="2020-08-14T14:52:22Z" name="tearDown" finished-at="2020-08-14T14:52:23Z" duration-ms="79" status="PASS">
          <reporter-output>
          </reporter-output>
        </test-method> <!-- tearDown -->
      </class> <!-- com.qa.libs.BaseClass -->
    </test> <!-- Default test -->
  </suite> <!-- Default suite -->
</testng-results>
